<?xml version="1.0" encoding="UTF-8"?>
<testsuites name="docker-training" time="0.04">
  <testsuite name="mail / Send email bad address" id="c64f52d3-c1e8-4867-b13b-4fa238a3555a" tests="1" time="0">
    <error>
      <![CDATA[Iteration: 0
RequestError: Error: connect ECONNREFUSED 127.0.0.1:8080
    at Object.exports._errnoException (util.js:870:11)
    at exports._exceptionWithHostPort (util.js:893:20)
    at TCPConnectWrap.afterConnect [as oncomplete] (net.js:1062:14)

---
]]>
    </error>
    <testcase name="Status code is 400" time="0">
      <failure type="AssertionFailure">
        <![CDATA[Failed 1 times.]]>
      </failure>
    </testcase>
  </testsuite>
  <testsuite name="mail / Send email empty subject" id="06f57407-a2c3-49f0-b1b5-e1ddbee012f0" tests="1" time="0">
    <error>
      <![CDATA[Iteration: 0
RequestError: Error: connect ECONNREFUSED 127.0.0.1:8080
    at Object.exports._errnoException (util.js:870:11)
    at exports._exceptionWithHostPort (util.js:893:20)
    at TCPConnectWrap.afterConnect [as oncomplete] (net.js:1062:14)

---
]]>
    </error>
    <testcase name="Status code is 400" time="0">
      <failure type="AssertionFailure">
        <![CDATA[Failed 1 times.]]>
      </failure>
    </testcase>
  </testsuite>
  <testsuite name="mail / Send email is ok" id="69220027-1b49-47dd-86e2-801e6f7f9bee" tests="1" time="0">
    <error>
      <![CDATA[Iteration: 0
RequestError: Error: connect ECONNREFUSED 127.0.0.1:8080
    at Object.exports._errnoException (util.js:870:11)
    at exports._exceptionWithHostPort (util.js:893:20)
    at TCPConnectWrap.afterConnect [as oncomplete] (net.js:1062:14)

---
]]>
    </error>
    <testcase name="Status code is 200" time="0">
      <failure type="AssertionFailure">
        <![CDATA[Failed 1 times.]]>
      </failure>
    </testcase>
  </testsuite>
  <testsuite name="mail / Verify email" id="23615d39-10ca-4ea4-9aa9-116ed8412616" tests="2" time="0.04">
    <testcase name="Test email exists" time="0.04">
      <failure type="AssertionFailure">
        <![CDATA[Failed 1 times.]]>
      </failure>
    </testcase>
    <testcase name="Status code is 200" time="0.04"/>
  </testsuite>
</testsuites>