<?xml version="1.0" encoding="UTF-8"?>
<testsuites name="docker-training" time="0.013">
  <testsuite name="mail / Send email bad address" id="2e245d44-7770-44c8-864c-b9cfe44efd3c" tests="1" time="0">
    <error>
      <![CDATA[Iteration: 0
RequestError: Error: connect ECONNREFUSED 172.17.0.1:8080
    at Object.exports._errnoException (util.js:870:11)
    at exports._exceptionWithHostPort (util.js:893:20)
    at TCPConnectWrap.afterConnect [as oncomplete] (net.js:1062:14)

---
]]>
    </error>
    <testcase name="Status code is 400" time="0">
      <failure type="AssertionFailure">
        <![CDATA[Failed 1 times.]]>
      </failure>
    </testcase>
  </testsuite>
  <testsuite name="mail / Send email empty subject" id="965369ca-204c-4688-90ad-cca2380bae7d" tests="1" time="0">
    <error>
      <![CDATA[Iteration: 0
RequestError: Error: connect ECONNREFUSED 172.17.0.1:8080
    at Object.exports._errnoException (util.js:870:11)
    at exports._exceptionWithHostPort (util.js:893:20)
    at TCPConnectWrap.afterConnect [as oncomplete] (net.js:1062:14)

---
]]>
    </error>
    <testcase name="Status code is 400" time="0">
      <failure type="AssertionFailure">
        <![CDATA[Failed 1 times.]]>
      </failure>
    </testcase>
  </testsuite>
  <testsuite name="mail / Send email is ok" id="33e10fbc-8be2-4751-8890-6376cd07b842" tests="1" time="0">
    <error>
      <![CDATA[Iteration: 0
RequestError: Error: connect ECONNREFUSED 172.17.0.1:8080
    at Object.exports._errnoException (util.js:870:11)
    at exports._exceptionWithHostPort (util.js:893:20)
    at TCPConnectWrap.afterConnect [as oncomplete] (net.js:1062:14)

---
]]>
    </error>
    <testcase name="Status code is 200" time="0">
      <failure type="AssertionFailure">
        <![CDATA[Failed 1 times.]]>
      </failure>
    </testcase>
  </testsuite>
  <testsuite name="mail / Verify email" id="77f2964b-acf2-418d-a30b-06f3c87fd51b" tests="2" time="0.013">
    <testcase name="Test email exists" time="0.013">
      <failure type="AssertionFailure">
        <![CDATA[Failed 1 times.]]>
      </failure>
    </testcase>
    <testcase name="Status code is 200" time="0.013"/>
  </testsuite>
</testsuites>